2025-03-08 22:45:50,403 - my_bot - DEBUG - Бот запущен - SYSTEM - nothing - MAIN - nothing
2025-03-08 22:45:54,045 - my_bot - INFO - пользователь тегнул бота в чате - 814237754 - None - new_user - {}
2025-03-08 22:45:55,129 - my_bot - INFO - пользователь выбрал что-то - 814237754 - None - f - f0ad
2025-03-08 22:46:01,744 - my_bot - INFO - пользователь сделал ход на клетку 4 - 1046069958 - cleared - mark_button - game: inline, game_id: AgAAAOv5CwA6SIgwoTVt2FMPDj4
2025-03-08 22:46:03,900 - my_bot - INFO - пользователь сделал ход на клетку 0 - 814237754 - cleared - mark_button - game: inline, game_id: AgAAAOv5CwA6SIgwoTVt2FMPDj4
2025-03-08 22:46:08,225 - my_bot - INFO - пользователь сделал ход на клетку 7 - 1046069958 - cleared - mark_button - game: inline, game_id: AgAAAOv5CwA6SIgwoTVt2FMPDj4
2025-03-08 22:46:10,453 - my_bot - INFO - пользователь сделал ход на клетку 1 - 814237754 - cleared - mark_button - game: inline, game_id: AgAAAOv5CwA6SIgwoTVt2FMPDj4
2025-03-08 22:46:11,691 - my_bot - INFO - пользователь сделал ход на клетку 2 - 1046069958 - cleared - mark_button - game: inline, game_id: AgAAAOv5CwA6SIgwoTVt2FMPDj4
2025-03-08 22:46:13,870 - my_bot - INFO - пользователь сделал ход на клетку 6 - 814237754 - cleared - mark_button - game: inline, game_id: AgAAAOv5CwA6SIgwoTVt2FMPDj4
2025-03-08 22:46:20,812 - my_bot - INFO - пользователь сделал ход на клетку 3 - 1046069958 - cleared - mark_button - game: inline, game_id: AgAAAOv5CwA6SIgwoTVt2FMPDj4
2025-03-08 22:46:22,435 - my_bot - INFO - пользователь сделал ход на клетку 5 - 814237754 - cleared - mark_button - game: inline, game_id: AgAAAOv5CwA6SIgwoTVt2FMPDj4
2025-03-08 22:46:23,783 - my_bot - INFO - ничья в игре в крестики нолики - 1046069958 - cleared - mark_button - game: inline, game_id: AgAAAOv5CwA6SIgwoTVt2FMPDj4
2025-03-08 22:46:25,924 - my_bot - INFO - пользователь начал игру в крестики нолики заново - 1046069958 - idk - reload_game - game: inline, game_id: AgAAAOv5CwA6SIgwoTVt2FMPDj4
2025-03-08 22:46:28,639 - my_bot - INFO - пользователь сделал ход на клетку 4 - 1046069958 - cleared - mark_button - game: inline, game_id: AgAAAOv5CwA6SIgwoTVt2FMPDj4
2025-03-08 22:46:30,942 - my_bot - INFO - пользователь сделал ход на клетку 0 - 814237754 - cleared - mark_button - game: inline, game_id: AgAAAOv5CwA6SIgwoTVt2FMPDj4
2025-03-08 22:46:37,337 - my_bot - INFO - пользователь сделал ход на клетку 8 - 1046069958 - cleared - mark_button - game: inline, game_id: AgAAAOv5CwA6SIgwoTVt2FMPDj4
2025-03-08 22:46:45,487 - my_bot - INFO - пользователь сделал ход на клетку 6 - 814237754 - cleared - mark_button - game: inline, game_id: AgAAAOv5CwA6SIgwoTVt2FMPDj4
2025-03-08 22:46:47,970 - my_bot - INFO - пользователь сделал ход на клетку 2 - 1046069958 - cleared - mark_button - game: inline, game_id: AgAAAOv5CwA6SIgwoTVt2FMPDj4
2025-03-08 22:46:51,189 - my_bot - INFO - пользователь сделал ход на клетку 5 - 814237754 - cleared - mark_button - game: inline, game_id: AgAAAOv5CwA6SIgwoTVt2FMPDj4
2025-03-08 22:47:06,621 - my_bot - INFO - пользователь сделал ход на клетку 1 - 1046069958 - cleared - mark_button - game: inline, game_id: AgAAAOv5CwA6SIgwoTVt2FMPDj4
2025-03-08 22:47:13,343 - my_bot - INFO - пользователь сделал ход на клетку 7 - 814237754 - cleared - mark_button - game: inline, game_id: AgAAAOv5CwA6SIgwoTVt2FMPDj4
2025-03-08 22:47:15,095 - my_bot - INFO - ничья в игре в крестики нолики - 1046069958 - cleared - mark_button - game: inline, game_id: AgAAAOv5CwA6SIgwoTVt2FMPDj4
2025-03-08 22:47:16,806 - my_bot - INFO - пользователь начал игру в крестики нолики заново - 1046069958 - idk - reload_game - game: inline, game_id: AgAAAOv5CwA6SIgwoTVt2FMPDj4
2025-03-08 22:47:18,996 - my_bot - INFO - пользователь сделал ход на клетку 0 - 1046069958 - cleared - mark_button - game: inline, game_id: AgAAAOv5CwA6SIgwoTVt2FMPDj4
2025-03-08 22:47:28,497 - my_bot - INFO - пользователь сделал ход на клетку 3 - 814237754 - cleared - mark_button - game: inline, game_id: AgAAAOv5CwA6SIgwoTVt2FMPDj4
2025-03-08 22:47:39,378 - my_bot - INFO - пользователь сделал ход на клетку 8 - 1046069958 - cleared - mark_button - game: inline, game_id: AgAAAOv5CwA6SIgwoTVt2FMPDj4
2025-03-08 22:47:42,550 - my_bot - INFO - пользователь сделал ход на клетку 4 - 814237754 - cleared - mark_button - game: inline, game_id: AgAAAOv5CwA6SIgwoTVt2FMPDj4
2025-03-08 22:47:43,894 - my_bot - INFO - пользователь сделал ход на клетку 2 - 1046069958 - cleared - mark_button - game: inline, game_id: AgAAAOv5CwA6SIgwoTVt2FMPDj4
2025-03-08 22:47:48,632 - my_bot - INFO - пользователь выиграл - 814237754 - cleared - mark_button - game: inline, game_id: AgAAAOv5CwA6SIgwoTVt2FMPDj4
2025-03-08 22:48:48,641 - my_bot - INFO - игра в крестики нолики inline завершена досрочно id: AgAAAOv5CwA6SIgwoTVt2FMPDj4 - 814237754 - None - kick_game - {}
2025-03-08 22:50:03,695 - my_bot - DEBUG - Бот запущен - SYSTEM - nothing - MAIN - nothing
2025-03-08 22:50:06,167 - my_bot - INFO - пользователь тегнул бота в чате - 814237754 - None - new_user - {}
2025-03-08 22:50:08,621 - my_bot - INFO - пользователь выбрал что-то - 814237754 - None - f - a92d
2025-03-08 22:50:11,330 - my_bot - INFO - пользователь сделал ход на клетку 4 - 814237754 - cleared - mark_button - game: inline, game_id: AgAAAA_6CwA6SIgwyeEu48Lni8s
2025-03-08 22:50:25,554 - my_bot - INFO - пользователь сделал ход на клетку 2 - 1046069958 - cleared - mark_button - game: inline, game_id: AgAAAA_6CwA6SIgwyeEu48Lni8s
2025-03-08 22:50:29,637 - my_bot - INFO - пользователь сделал ход на клетку 0 - 814237754 - cleared - mark_button - game: inline, game_id: AgAAAA_6CwA6SIgwyeEu48Lni8s
2025-03-08 22:50:37,091 - my_bot - INFO - пользователь сделал ход на клетку 8 - 1046069958 - cleared - mark_button - game: inline, game_id: AgAAAA_6CwA6SIgwyeEu48Lni8s
2025-03-08 22:50:39,492 - my_bot - INFO - пользователь сделал ход на клетку 5 - 814237754 - cleared - mark_button - game: inline, game_id: AgAAAA_6CwA6SIgwyeEu48Lni8s
2025-03-08 22:50:41,962 - my_bot - INFO - пользователь сделал ход на клетку 6 - 1046069958 - cleared - mark_button - game: inline, game_id: AgAAAA_6CwA6SIgwyeEu48Lni8s
2025-03-08 22:50:45,165 - my_bot - INFO - пользователь сделал ход на клетку 7 - 814237754 - cleared - mark_button - game: inline, game_id: AgAAAA_6CwA6SIgwyeEu48Lni8s
2025-03-08 22:50:56,013 - my_bot - INFO - пользователь сделал ход на клетку 3 - 1046069958 - cleared - mark_button - game: inline, game_id: AgAAAA_6CwA6SIgwyeEu48Lni8s
2025-03-08 22:50:58,665 - my_bot - INFO - пользователь выиграл - 814237754 - cleared - mark_button - game: inline, game_id: AgAAAA_6CwA6SIgwyeEu48Lni8s
2025-03-08 22:51:15,454 - my_bot - INFO - команда старт - ssoknll - None - start_bot - {}
2025-03-08 22:51:23,100 - my_bot - INFO - пользоваатель написал сообщение - vasilisqqe - None - helper_in_menu - Выбор игры
2025-03-08 22:51:24,702 - my_bot - INFO - пользователь нажал на кнопку вордли - 814237754 - {'state': 'wordlie'} - choose_mate - nothing
2025-03-08 22:51:27,876 - my_bot - INFO - пользователь начал загадывать слово другу в wordlie - vasilisqqe - {'state': 'wordlie'} - choose_mate - nothing
2025-03-08 22:51:28,054 - my_bot - INFO - пользоваатель написал сообщение - ssoknll - None - helper_in_menu - Выбор игры
2025-03-08 22:51:30,464 - my_bot - INFO - пользователь нажал на кнопку вордли - 1046069958 - {'state': 'wordlie'} - choose_mate - nothing
2025-03-08 22:51:32,724 - my_bot - INFO - пользователь начал загадывать слово другу в wordlie - ssoknll - {'state': 'wordlie'} - choose_mate - nothing
2025-03-08 22:51:53,501 - my_bot - INFO - пользователь принял вордли игру от друга - 1046069958 - {'state': 'f_in_game_wordlie'} - game_wordlie_from_friend - nothing
2025-03-08 22:51:58,670 - my_bot - INFO - игра в крестики нолики inline завершена досрочно id: AgAAAA_6CwA6SIgwyeEu48Lni8s - 814237754 - None - kick_game - {}
2025-03-08 22:52:06,721 - my_bot - INFO - пользователь в вордли ввел слово длиннее 5 букв - ssoknll - {'state': 'f_in_game_wordlie'} - step_in_the_game - {'word': 'собачка'}
2025-03-08 22:52:24,686 - my_bot - INFO - пользователь совершил попытку отгадать слово - ssoknll - {'state': 'f_in_game_wordlie'} - game_wordlie_from_friend - {'word': '🟥🟥🟥🟥🟥'}
2025-03-08 22:52:29,803 - my_bot - INFO - пользователь в вордли ввел слово длиннее 5 букв - ssoknll - {'state': 'f_in_game_wordlie'} - step_in_the_game - {'word': 'л'}
2025-03-08 22:52:34,864 - my_bot - INFO - пользователь совершил попытку отгадать слово - ssoknll - {'state': 'f_in_game_wordlie'} - game_wordlie_from_friend - {'word': '🟥🟥🟥🟥🟥'}
2025-03-08 22:53:17,891 - my_bot - INFO - пользователь совершил попытку отгадать слово - ssoknll - {'state': 'f_in_game_wordlie'} - game_wordlie_from_friend - {'word': '🟥🟩🟩🟥🟥'}
2025-03-08 22:53:51,482 - my_bot - INFO - пользователь совершил попытку отгадать слово - ssoknll - {'state': 'f_in_game_wordlie'} - game_wordlie_from_friend - {'word': '🟥🟩🟩🟥🟥'}
2025-03-08 22:54:08,368 - my_bot - INFO - пользователь не отгадал слово от друга - ssoknll - {'state': 'f_in_game_wordlie'} - step_in_the_game - {'word': '😢 Увы, ты не отгадал слово. 😞 \n\n🔤 Слово загаданное: [кирил]'}
