2025-04-09 10:11:59,214 - my_bot - DEBUG - Бот запущен - SYSTEM - nothing - MAIN - nothing
2025-04-09 10:14:33,035 - my_bot - DEBUG - Бот запущен - SYSTEM - nothing - MAIN - nothing
2025-04-09 10:15:32,006 - my_bot - DEBUG - Бот запущен - SYSTEM - nothing - MAIN - nothing
2025-04-09 10:16:24,478 - my_bot - DEBUG - Бот запущен - SYSTEM - nothing - MAIN - nothing
2025-04-09 10:23:05,217 - my_bot - DEBUG - Бот запущен - SYSTEM - nothing - MAIN - nothing
2025-04-09 10:28:04,648 - my_bot - DEBUG - Бот запущен - SYSTEM - nothing - MAIN - nothing
2025-04-09 10:30:13,624 - my_bot - DEBUG - Бот запущен - SYSTEM - nothing - MAIN - nothing
2025-04-09 10:32:11,650 - my_bot - DEBUG - Бот запущен - SYSTEM - nothing - MAIN - nothing
2025-04-09 10:32:42,070 - my_bot - DEBUG - Бот запущен - SYSTEM - nothing - MAIN - nothing
2025-04-09 10:33:43,623 - my_bot - DEBUG - Бот запущен - SYSTEM - nothing - MAIN - nothing
2025-04-09 10:41:07,404 - my_bot - INFO - пользоваатель написал сообщение - vasilisqqe - None - helper_in_menu - f
2025-04-09 10:44:20,109 - my_bot - INFO - пользоваатель написал сообщение - yayayanqq - None - helper_in_menu - None
2025-04-09 10:46:30,465 - my_bot - INFO - пользоваатель написал сообщение - yanahds - None - helper_in_menu - None
2025-04-09 10:46:52,003 - my_bot - INFO - пользоваатель написал сообщение - vasilisqqe - None - helper_in_menu - jgf
2025-04-09 10:48:39,872 - my_bot - DEBUG - Бот запущен - SYSTEM - nothing - MAIN - nothing
2025-04-09 10:49:57,392 - my_bot - DEBUG - Бот запущен - SYSTEM - nothing - MAIN - nothing
2025-04-09 10:50:45,662 - my_bot - DEBUG - Бот запущен - SYSTEM - nothing - MAIN - nothing
2025-04-09 10:51:41,976 - my_bot - DEBUG - Бот запущен - SYSTEM - nothing - MAIN - nothing
2025-04-09 10:54:23,703 - my_bot - DEBUG - Бот запущен - SYSTEM - nothing - MAIN - nothing
2025-04-09 10:57:35,454 - my_bot - DEBUG - Бот запущен - SYSTEM - nothing - MAIN - nothing
2025-04-09 10:58:20,595 - my_bot - DEBUG - Бот запущен - SYSTEM - nothing - MAIN - nothing
2025-04-09 11:01:29,627 - my_bot - DEBUG - Бот запущен - SYSTEM - nothing - MAIN - nothing
