2025-02-18 14:04:38,985 - my_bot - INFO - пользователь начал поиск в крестики нолики - None - idk - new_game_cross_zeroes_in_bot - game: cb, game_id: none
2025-02-18 14:05:32,063 - my_bot - INFO - команда старт - None - None - start_bot - {}
2025-02-18 14:05:35,492 - my_bot - INFO - пользоваатель написал сообщение - None - None - helper_in_menu - Выбор игры
2025-02-18 14:05:36,956 - my_bot - INFO - пользователь нажал на кнопку крестиков ноликов - None - {'state': 'cross-zeroes'} - choose_mate_inline_games - nothing
2025-02-18 14:05:39,555 - my_bot - INFO - пользователь начал поиск игры в крестики-нолики - None - {'state': 'in_game_cross_zeroes'} - alone_game - nothing
2025-02-18 14:09:50,016 - my_bot - DEBUG - Бот запущен - SYSTEM - nothing - MAIN - nothing
2025-02-18 14:09:56,148 - my_bot - INFO - пользоваатель написал сообщение - None - None - helper_in_menu - Выбор игры
2025-02-18 14:09:58,599 - my_bot - INFO - пользователь нажал на кнопку крестиков ноликов - None - {'state': 'cross-zeroes'} - choose_mate_inline_games - nothing
2025-02-18 14:10:02,082 - my_bot - INFO - пользователь начал поиск игры в крестики-нолики - None - {'state': 'in_game_cross_zeroes'} - alone_game - nothing
2025-02-18 14:10:06,335 - my_bot - INFO - пользоваатель написал сообщение - None - None - helper_in_menu - Выбор игры
2025-02-18 14:10:07,721 - my_bot - INFO - пользователь нажал на кнопку крестиков ноликов - None - {'state': 'cross-zeroes'} - choose_mate_inline_games - nothing
2025-02-18 14:10:09,168 - my_bot - INFO - пользователь начал поиск игры в крестики-нолики - None - {'state': 'in_game_cross_zeroes'} - alone_game - nothing
2025-02-18 14:10:32,369 - my_bot - DEBUG - Бот запущен - SYSTEM - nothing - MAIN - nothing
2025-02-18 14:10:35,824 - my_bot - INFO - пользоваатель написал сообщение - None - None - helper_in_menu - Выбор игры
2025-02-18 14:10:38,442 - my_bot - INFO - пользователь нажал на кнопку крестиков ноликов - None - {'state': 'cross-zeroes'} - choose_mate_inline_games - nothing
2025-02-18 14:10:40,399 - my_bot - INFO - пользоваатель написал сообщение - None - None - helper_in_menu - Выбор игры
2025-02-18 14:10:40,966 - my_bot - INFO - пользователь начал поиск игры в крестики-нолики - None - {'state': 'in_game_cross_zeroes'} - alone_game - nothing
2025-02-18 14:10:42,584 - my_bot - INFO - пользователь нажал на кнопку крестиков ноликов - None - {'state': 'cross-zeroes'} - choose_mate_inline_games - nothing
2025-02-18 14:10:43,959 - my_bot - INFO - пользователь начал поиск игры в крестики-нолики - None - {'state': 'in_game_cross_zeroes'} - alone_game - nothing
2025-02-18 15:43:58,323 - my_bot - DEBUG - Бот запущен - SYSTEM - nothing - MAIN - nothing
2025-02-18 15:49:08,812 - my_bot - DEBUG - Бот запущен - SYSTEM - nothing - MAIN - nothing
2025-02-18 15:50:01,989 - my_bot - DEBUG - Бот запущен - SYSTEM - nothing - MAIN - nothing
2025-02-18 15:52:34,913 - my_bot - INFO - команда старт - vasilisqqe - None - start_bot - {}
2025-02-18 15:53:16,234 - my_bot - DEBUG - Бот запущен - SYSTEM - nothing - MAIN - nothing
2025-02-18 15:53:21,326 - my_bot - INFO - команда старт - vasilisqqe - None - start_bot - {}
2025-02-18 16:04:39,522 - my_bot - DEBUG - Бот запущен - SYSTEM - nothing - MAIN - nothing
2025-02-18 16:05:03,582 - my_bot - INFO - пользователь тегнул бота в чате - None - None - new_user - {}
2025-02-18 16:07:00,042 - my_bot - DEBUG - Бот запущен - SYSTEM - nothing - MAIN - nothing
2025-02-18 16:07:04,930 - my_bot - INFO - пользователь тегнул бота в чате - None - None - new_user - {}
2025-02-18 16:07:06,655 - my_bot - INFO - пользователь выбрал что-то - None - None - f - 02da
2025-02-18 16:08:07,012 - my_bot - INFO - игра в крестики нолики inline завершена досрочно id: AQAAANvN6YsBAAAA0BkAANB3rqUPA4Uc - None - None - kick_game - {}
2025-02-18 16:10:25,402 - my_bot - DEBUG - Бот запущен - SYSTEM - nothing - MAIN - nothing
2025-02-18 16:10:30,893 - my_bot - INFO - пользователь тегнул бота в чате - vasilisqqe - None - new_user - {}
2025-02-18 16:12:39,036 - my_bot - DEBUG - Бот запущен - SYSTEM - nothing - MAIN - nothing
2025-02-18 16:12:43,151 - my_bot - INFO - пользователь тегнул бота в чате - vasilisqqe - None - new_user - {}
2025-02-18 16:12:44,325 - my_bot - INFO - пользователь выбрал что-то - 814237754 - None - f - 50c2
2025-02-18 16:13:45,458 - my_bot - DEBUG - Бот запущен - SYSTEM - nothing - MAIN - nothing
2025-02-18 16:13:49,565 - my_bot - INFO - пользователь тегнул бота в чате - vasilisqqe - None - new_user - {}
2025-02-18 16:13:50,906 - my_bot - INFO - пользователь выбрал что-то - 814237754 - None - f - 697a
2025-02-18 16:14:31,703 - my_bot - DEBUG - Бот запущен - SYSTEM - nothing - MAIN - nothing
2025-02-18 16:14:32,465 - my_bot - INFO - пользователь тегнул бота в чате - vasilisqqe - None - new_user - {}
2025-02-18 16:14:34,067 - my_bot - INFO - пользователь выбрал что-то - 814237754 - None - f - c7c1
2025-02-18 16:15:34,295 - my_bot - INFO - игра в крестики нолики inline завершена досрочно id: AgAAALDTCwA6SIgwNdTLwi4bAI8 - vasilisqqe - None - kick_game - {}
2025-02-18 16:20:18,996 - my_bot - DEBUG - Бот запущен - SYSTEM - nothing - MAIN - nothing
2025-02-18 16:20:22,654 - my_bot - INFO - пользователь тегнул бота в чате - vasilisqqe - None - new_user - {}
2025-02-18 16:20:24,512 - my_bot - INFO - пользователь выбрал что-то - 814237754 - None - f - 320e
2025-02-18 16:20:53,619 - my_bot - INFO - пользователь сделал ход на клетку 0 - 6642322907 - cleared - mark_button - game: inline, game_id: AgAAALPTCwA6SIgwT3PmLXD_Hvk
2025-02-18 16:21:53,856 - my_bot - INFO - игра в крестики нолики inline завершена досрочно id: AgAAALPTCwA6SIgwT3PmLXD_Hvk - None - None - kick_game - {}
2025-02-18 16:22:09,738 - my_bot - DEBUG - Бот запущен - SYSTEM - nothing - MAIN - nothing
2025-02-18 16:22:16,540 - my_bot - INFO - пользователь тегнул бота в чате - vasilisqqe - None - new_user - {}
2025-02-18 16:22:18,460 - my_bot - INFO - пользователь выбрал что-то - 814237754 - None - f - 0b84
2025-02-18 16:23:18,769 - my_bot - INFO - игра в крестики нолики inline завершена досрочно id: AgAAALfTCwA6SIgwA8uUvDZzL60 - vasilisqqe - None - kick_game - {}
2025-02-18 16:25:34,921 - my_bot - DEBUG - Бот запущен - SYSTEM - nothing - MAIN - nothing
2025-02-18 16:25:39,245 - my_bot - INFO - пользователь тегнул бота в чате - vasilisqqe - None - new_user - {}
2025-02-18 16:25:40,531 - my_bot - INFO - пользователь выбрал что-то - 814237754 - None - f - 6366
2025-02-18 16:25:58,670 - my_bot - INFO - пользователь сделал ход на клетку 0 - 6642322907 - cleared - mark_button - game: inline, game_id: AgAAALnTCwA6SIgwQAilUi29ai8
2025-02-18 16:26:27,067 - my_bot - DEBUG - Бот запущен - SYSTEM - nothing - MAIN - nothing
2025-02-18 16:26:31,667 - my_bot - INFO - пользователь тегнул бота в чате - vasilisqqe - None - new_user - {}
2025-02-18 16:26:33,437 - my_bot - INFO - пользователь выбрал что-то - 814237754 - None - f - a179
2025-02-18 16:27:08,149 - my_bot - DEBUG - Бот запущен - SYSTEM - nothing - MAIN - nothing
2025-02-18 16:27:11,438 - my_bot - INFO - пользователь тегнул бота в чате - vasilisqqe - None - new_user - {}
2025-02-18 16:27:13,344 - my_bot - INFO - пользователь выбрал что-то - 814237754 - None - f - d109
2025-02-18 16:28:13,577 - my_bot - INFO - игра в крестики нолики inline завершена досрочно id: AgAAALvTCwA6SIgwhfrPouaDJjk - vasilisqqe - None - kick_game - {}
2025-02-18 16:30:12,213 - my_bot - DEBUG - Бот запущен - SYSTEM - nothing - MAIN - nothing
2025-02-18 16:30:14,373 - my_bot - INFO - пользователь тегнул бота в чате - vasilisqqe - None - new_user - {}
2025-02-18 16:30:16,465 - my_bot - INFO - пользователь выбрал что-то - 814237754 - None - f - d5c7
2025-02-19 18:24:12,522 - my_bot - DEBUG - Бот запущен - SYSTEM - nothing - MAIN - nothing
2025-02-19 18:24:28,912 - my_bot - INFO - команда старт - yanahds - None - start_bot - {}
2025-02-19 18:30:23,143 - my_bot - DEBUG - Бот запущен - SYSTEM - nothing - MAIN - nothing
2025-02-19 18:30:27,392 - my_bot - INFO - команда старт - yanahds - None - start_bot - {}
2025-02-19 18:44:19,655 - my_bot - DEBUG - Бот запущен - SYSTEM - nothing - MAIN - nothing
2025-02-19 18:44:39,717 - my_bot - INFO - пользователь тегнул бота в чате - 6387547653 - None - new_user - {}
2025-02-19 18:44:42,352 - my_bot - INFO - пользователь выбрал что-то - 6387547653 - None - f - 9cca
2025-02-21 14:02:41,977 - my_bot - DEBUG - Бот запущен - SYSTEM - nothing - MAIN - nothing
2025-02-21 14:02:55,098 - my_bot - INFO - пользователь тегнул бота в чате - 814237754 - None - new_user - {}
2025-02-21 14:02:56,684 - my_bot - INFO - пользователь выбрал что-то - 814237754 - None - f - fd3c
2025-02-21 14:03:57,496 - my_bot - INFO - игра в крестики нолики inline завершена досрочно id: AgAAADvXCwA6SIgwCrWydQ7Vh7c - vasilisqqe - None - kick_game - {}
2025-02-21 18:39:16,052 - my_bot - DEBUG - Бот запущен - SYSTEM - nothing - MAIN - nothing
2025-02-21 18:40:15,891 - my_bot - INFO - пользователь тегнул бота в чате - 6642322907 - None - new_user - {}
2025-02-21 18:40:19,475 - my_bot - INFO - пользователь выбрал что-то - 6642322907 - None - f - 51f9
2025-02-21 18:41:19,824 - my_bot - INFO - игра в крестики нолики inline завершена досрочно id: AQAAANvN6YsBAAAABBoAAGJJ2N6vqwu4 - None - None - kick_game - {}
2025-02-21 18:41:26,140 - my_bot - DEBUG - Бот запущен - SYSTEM - nothing - MAIN - nothing
2025-02-21 18:41:26,677 - my_bot - INFO - пользователь тегнул бота в чате - 6642322907 - None - new_user - {}
2025-02-21 18:41:28,595 - my_bot - INFO - пользователь выбрал что-то - 6642322907 - None - f - de50
2025-02-21 18:43:05,257 - my_bot - DEBUG - Бот запущен - SYSTEM - nothing - MAIN - nothing
2025-02-21 18:43:09,985 - my_bot - INFO - пользователь тегнул бота в чате - 6642322907 - None - new_user - {}
2025-02-21 18:43:11,712 - my_bot - INFO - пользователь выбрал что-то - 6642322907 - None - f - 697e
2025-02-21 18:44:30,447 - my_bot - DEBUG - Бот запущен - SYSTEM - nothing - MAIN - nothing
2025-02-21 18:44:34,880 - my_bot - INFO - пользователь тегнул бота в чате - 6642322907 - None - new_user - {}
2025-02-21 18:44:36,594 - my_bot - INFO - пользователь выбрал что-то - 6642322907 - None - f - f0b6
2025-02-21 18:46:28,997 - my_bot - DEBUG - Бот запущен - SYSTEM - nothing - MAIN - nothing
2025-02-21 18:46:30,276 - my_bot - INFO - пользователь тегнул бота в чате - 6642322907 - None - new_user - {}
2025-02-21 18:46:38,477 - my_bot - INFO - пользователь тегнул бота в чате - 6642322907 - None - new_user - {}
2025-02-21 18:46:46,398 - my_bot - INFO - пользователь тегнул бота в чате - 6642322907 - None - new_user - {}
2025-02-21 18:48:59,126 - my_bot - DEBUG - Бот запущен - SYSTEM - nothing - MAIN - nothing
2025-02-21 18:49:00,846 - my_bot - INFO - пользователь тегнул бота в чате - 6642322907 - None - new_user - {}
2025-02-21 18:49:02,344 - my_bot - INFO - пользователь выбрал что-то - 6642322907 - None - f - 8de4
2025-02-21 18:49:12,442 - my_bot - INFO - пользователь сделал ход на клетку 0 - 814237754 - cleared - mark_button - game: inline, game_id: AQAAANvN6YsBAAAACxoAAPCExxffPdPF
2025-02-21 18:50:12,859 - my_bot - INFO - игра в крестики нолики inline завершена досрочно id: AQAAANvN6YsBAAAACxoAAPCExxffPdPF - vasilisqqe - None - kick_game - {}
2025-02-21 18:50:34,683 - my_bot - DEBUG - Бот запущен - SYSTEM - nothing - MAIN - nothing
2025-02-21 18:50:40,463 - my_bot - INFO - пользователь тегнул бота в чате - 6642322907 - None - new_user - {}
2025-02-21 18:50:42,077 - my_bot - INFO - пользователь выбрал что-то - 6642322907 - None - f - 593b
2025-02-21 18:51:42,386 - my_bot - INFO - игра в крестики нолики inline завершена досрочно id: AQAAANvN6YsBAAAADBoAAH69BpTgp-i7 - None - None - kick_game - {}
2025-02-21 18:52:22,529 - my_bot - DEBUG - Бот запущен - SYSTEM - nothing - MAIN - nothing
2025-02-21 18:53:08,228 - my_bot - INFO - пользователь тегнул бота в чате - 6642322907 - None - new_user - {}
2025-02-21 18:53:09,741 - my_bot - INFO - пользователь выбрал что-то - 6642322907 - None - f - fc8c
2025-02-21 18:53:13,703 - my_bot - INFO - пользователь сделал ход на клетку 0 - 814237754 - cleared - mark_button - game: inline, game_id: AQAAANvN6YsBAAAADRoAAEnApktSI8E7
2025-02-21 18:54:14,019 - my_bot - INFO - игра в крестики нолики inline завершена досрочно id: AQAAANvN6YsBAAAADRoAAEnApktSI8E7 - vasilisqqe - None - kick_game - {}
2025-02-21 18:54:38,890 - my_bot - DEBUG - Бот запущен - SYSTEM - nothing - MAIN - nothing
2025-02-21 18:54:41,969 - my_bot - INFO - пользователь тегнул бота в чате - 6642322907 - None - new_user - {}
2025-02-21 18:54:43,535 - my_bot - INFO - пользователь выбрал что-то - 6642322907 - None - f - 528d
2025-02-21 18:54:45,560 - my_bot - INFO - пользователь сделал ход на клетку 0 - 814237754 - cleared - mark_button - game: inline, game_id: AQAAANvN6YsBAAAADhoAACkwt0VWmCTl
2025-02-21 18:54:53,053 - my_bot - INFO - пользователь сделал ход на клетку 1 - 814237754 - cleared - mark_button - game: inline, game_id: AQAAANvN6YsBAAAADhoAACkwt0VWmCTl
2025-02-21 18:54:55,594 - my_bot - INFO - пользователь выиграл - 814237754 - cleared - mark_button - game: inline, game_id: AQAAANvN6YsBAAAADhoAACkwt0VWmCTl
2025-02-21 18:55:58,329 - my_bot - DEBUG - Бот запущен - SYSTEM - nothing - MAIN - nothing
2025-02-21 18:56:01,355 - my_bot - INFO - пользователь тегнул бота в чате - 6642322907 - None - new_user - {}
2025-02-21 18:56:04,643 - my_bot - INFO - пользователь выбрал что-то - 6642322907 - None - f - 3dd3
2025-02-21 18:56:07,173 - my_bot - INFO - пользователь сделал ход на клетку 1 - 814237754 - cleared - mark_button - game: inline, game_id: AQAAANvN6YsBAAAADxoAAOXcE_634qNS
2025-02-21 18:57:07,589 - my_bot - INFO - игра в крестики нолики inline завершена досрочно id: AQAAANvN6YsBAAAADxoAAOXcE_634qNS - vasilisqqe - None - kick_game - {}
2025-02-21 18:58:35,598 - my_bot - DEBUG - Бот запущен - SYSTEM - nothing - MAIN - nothing
2025-02-21 18:58:36,134 - my_bot - INFO - пользователь тегнул бота в чате - 6642322907 - None - new_user - {}
2025-02-21 18:58:37,646 - my_bot - INFO - пользователь выбрал что-то - 6642322907 - None - f - 0334
2025-02-21 18:59:25,376 - my_bot - DEBUG - Бот запущен - SYSTEM - nothing - MAIN - nothing
2025-02-21 18:59:27,920 - my_bot - INFO - пользователь тегнул бота в чате - 6642322907 - None - new_user - {}
2025-02-21 18:59:29,451 - my_bot - INFO - пользователь выбрал что-то - 6642322907 - None - f - 3a1b
2025-02-21 19:01:26,403 - my_bot - DEBUG - Бот запущен - SYSTEM - nothing - MAIN - nothing
2025-02-21 19:01:27,544 - my_bot - INFO - пользователь тегнул бота в чате - 6642322907 - None - new_user - {}
2025-02-21 19:01:29,056 - my_bot - INFO - пользователь выбрал что-то - 6642322907 - None - f - 7866
2025-02-21 19:01:35,164 - my_bot - INFO - пользователь сделал ход на клетку 0 - 814237754 - cleared - mark_button - game: inline, game_id: AQAAANvN6YsBAAAAEhoAALxl7KJG5Cd2
2025-02-21 19:01:37,725 - my_bot - INFO - пользователь сделал ход на клетку 4 - 6642322907 - cleared - mark_button - game: inline, game_id: AQAAANvN6YsBAAAAEhoAALxl7KJG5Cd2
2025-02-21 19:01:39,977 - my_bot - INFO - пользователь сделал ход на клетку 1 - 814237754 - cleared - mark_button - game: inline, game_id: AQAAANvN6YsBAAAAEhoAALxl7KJG5Cd2
2025-02-21 19:01:42,742 - my_bot - INFO - пользователь сделал ход на клетку 3 - 6642322907 - cleared - mark_button - game: inline, game_id: AQAAANvN6YsBAAAAEhoAALxl7KJG5Cd2
2025-02-21 19:01:44,489 - my_bot - INFO - пользователь выиграл - 814237754 - cleared - mark_button - game: inline, game_id: AQAAANvN6YsBAAAAEhoAALxl7KJG5Cd2
2025-02-21 19:01:48,988 - my_bot - INFO - пользователь начал игру в крестики нолики заново - 6642322907 - idk - reload_game - game: inline, game_id: AQAAANvN6YsBAAAAEhoAALxl7KJG5Cd2
2025-02-21 19:02:24,934 - my_bot - DEBUG - Бот запущен - SYSTEM - nothing - MAIN - nothing
2025-02-21 19:02:29,094 - my_bot - INFO - пользователь тегнул бота в чате - 6642322907 - None - new_user - {}
2025-02-21 19:02:30,594 - my_bot - INFO - пользователь выбрал что-то - 6642322907 - None - f - fbe7
2025-02-21 19:02:32,513 - my_bot - INFO - пользователь сделал ход на клетку 0 - 814237754 - cleared - mark_button - game: inline, game_id: AQAAANvN6YsBAAAAExoAALr5K20fs2xk
2025-02-21 19:02:34,151 - my_bot - INFO - пользователь сделал ход на клетку 3 - 6642322907 - cleared - mark_button - game: inline, game_id: AQAAANvN6YsBAAAAExoAALr5K20fs2xk
2025-02-21 19:02:35,354 - my_bot - INFO - пользователь сделал ход на клетку 1 - 814237754 - cleared - mark_button - game: inline, game_id: AQAAANvN6YsBAAAAExoAALr5K20fs2xk
2025-02-21 19:02:36,917 - my_bot - INFO - пользователь сделал ход на клетку 4 - 6642322907 - cleared - mark_button - game: inline, game_id: AQAAANvN6YsBAAAAExoAALr5K20fs2xk
2025-02-21 19:02:38,653 - my_bot - INFO - пользователь выиграл - 814237754 - cleared - mark_button - game: inline, game_id: AQAAANvN6YsBAAAAExoAALr5K20fs2xk
2025-02-21 19:02:40,598 - my_bot - INFO - пользователь начал игру в крестики нолики заново - 6642322907 - idk - reload_game - game: inline, game_id: AQAAANvN6YsBAAAAExoAALr5K20fs2xk
2025-02-21 19:02:42,851 - my_bot - INFO - пользователь сделал ход на клетку 0 - 6642322907 - cleared - mark_button - game: inline, game_id: AQAAANvN6YsBAAAAExoAALr5K20fs2xk
2025-02-21 19:02:43,979 - my_bot - INFO - пользователь сделал ход на клетку 3 - 814237754 - cleared - mark_button - game: inline, game_id: AQAAANvN6YsBAAAAExoAALr5K20fs2xk
2025-02-21 19:02:46,129 - my_bot - INFO - пользователь сделал ход на клетку 1 - 6642322907 - cleared - mark_button - game: inline, game_id: AQAAANvN6YsBAAAAExoAALr5K20fs2xk
2025-02-21 19:02:47,357 - my_bot - INFO - пользователь сделал ход на клетку 4 - 814237754 - cleared - mark_button - game: inline, game_id: AQAAANvN6YsBAAAAExoAALr5K20fs2xk
2025-02-21 19:02:48,693 - my_bot - INFO - пользователь сделал ход на клетку 6 - 6642322907 - cleared - mark_button - game: inline, game_id: AQAAANvN6YsBAAAAExoAALr5K20fs2xk
2025-02-21 19:02:49,718 - my_bot - INFO - пользователь выиграл - 814237754 - cleared - mark_button - game: inline, game_id: AQAAANvN6YsBAAAAExoAALr5K20fs2xk
2025-02-21 19:02:52,272 - my_bot - INFO - пользователь начал игру в крестики нолики заново - 814237754 - idk - reload_game - game: inline, game_id: AQAAANvN6YsBAAAAExoAALr5K20fs2xk
2025-02-21 19:03:26,889 - my_bot - INFO - пользователь сделал ход на клетку 0 - 814237754 - cleared - mark_button - game: inline, game_id: AQAAANvN6YsBAAAAExoAALr5K20fs2xk
2025-02-21 19:03:29,893 - my_bot - INFO - пользователь сделал ход на клетку 3 - 6642322907 - cleared - mark_button - game: inline, game_id: AQAAANvN6YsBAAAAExoAALr5K20fs2xk
2025-02-21 19:03:31,104 - my_bot - INFO - пользователь сделал ход на клетку 1 - 814237754 - cleared - mark_button - game: inline, game_id: AQAAANvN6YsBAAAAExoAALr5K20fs2xk
2025-02-21 19:03:32,824 - my_bot - INFO - пользователь сделал ход на клетку 4 - 6642322907 - cleared - mark_button - game: inline, game_id: AQAAANvN6YsBAAAAExoAALr5K20fs2xk
2025-02-21 19:03:34,053 - my_bot - INFO - пользователь сделал ход на клетку 5 - 814237754 - cleared - mark_button - game: inline, game_id: AQAAANvN6YsBAAAAExoAALr5K20fs2xk
2025-02-21 19:03:35,605 - my_bot - INFO - пользователь сделал ход на клетку 2 - 6642322907 - cleared - mark_button - game: inline, game_id: AQAAANvN6YsBAAAAExoAALr5K20fs2xk
2025-02-21 19:03:36,818 - my_bot - INFO - пользователь сделал ход на клетку 6 - 814237754 - cleared - mark_button - game: inline, game_id: AQAAANvN6YsBAAAAExoAALr5K20fs2xk
2025-02-21 19:03:38,865 - my_bot - INFO - пользователь сделал ход на клетку 7 - 6642322907 - cleared - mark_button - game: inline, game_id: AQAAANvN6YsBAAAAExoAALr5K20fs2xk
2025-02-21 19:03:39,894 - my_bot - INFO - ничья в игре в крестики нолики - 814237754 - cleared - mark_button - game: inline, game_id: AQAAANvN6YsBAAAAExoAALr5K20fs2xk
2025-02-21 19:03:42,041 - my_bot - INFO - пользователь начал игру в крестики нолики заново - 814237754 - idk - reload_game - game: inline, game_id: AQAAANvN6YsBAAAAExoAALr5K20fs2xk
2025-02-22 08:46:24,725 - my_bot - DEBUG - Бот запущен - SYSTEM - nothing - MAIN - nothing
2025-02-22 08:47:59,974 - my_bot - INFO - команда старт - vasilisqqe - None - start_bot - {}
2025-02-22 08:48:02,969 - my_bot - INFO - пользоваатель написал сообщение - vasilisqqe - None - helper_in_menu - Выбор игры
2025-02-22 08:48:19,451 - my_bot - INFO - пользователь нажал на кнопку крестиков ноликов - vasilisqqe - {'state': 'cross-zeroes'} - choose_mate_inline_games - nothing
2025-02-22 08:48:21,679 - my_bot - INFO - пользователь начал поиск игры в крестики-нолики - 814237754 - {'state': 'in_game_cross_zeroes'} - alone_game - nothing
2025-02-22 08:48:25,858 - my_bot - INFO - пользоваатель написал сообщение - yanahds - None - helper_in_menu - Выбор игры
2025-02-22 08:48:28,349 - my_bot - INFO - пользователь нажал на кнопку крестиков ноликов - yanahds - {'state': 'cross-zeroes'} - choose_mate_inline_games - nothing
2025-02-22 08:50:31,850 - my_bot - DEBUG - Бот запущен - SYSTEM - nothing - MAIN - nothing
2025-02-22 08:50:39,142 - my_bot - INFO - пользоваатель написал сообщение - vasilisqqe - None - helper_in_menu - Выбор игры
2025-02-22 08:50:42,159 - my_bot - INFO - пользователь нажал на кнопку крестиков ноликов - vasilisqqe - {'state': 'cross-zeroes'} - choose_mate_inline_games - nothing
2025-02-22 08:50:43,819 - my_bot - INFO - пользователь начал поиск игры в крестики-нолики - 814237754 - {'state': 'in_game_cross_zeroes'} - alone_game - nothing
2025-02-22 08:50:49,309 - my_bot - INFO - пользоваатель написал сообщение - yanahds - None - helper_in_menu - Выбор игры
2025-02-22 08:50:52,675 - my_bot - INFO - пользователь нажал на кнопку крестиков ноликов - yanahds - {'state': 'cross-zeroes'} - choose_mate_inline_games - nothing
2025-02-22 08:52:07,691 - my_bot - DEBUG - Бот запущен - SYSTEM - nothing - MAIN - nothing
2025-02-22 08:52:50,441 - my_bot - INFO - пользоваатель написал сообщение - vasilisqqe - None - helper_in_menu - Выбор игры
2025-02-22 08:52:52,903 - my_bot - INFO - пользователь нажал на кнопку крестиков ноликов - vasilisqqe - {'state': 'cross-zeroes'} - choose_mate_inline_games - nothing
2025-02-22 08:52:54,695 - my_bot - INFO - пользователь начал поиск игры в крестики-нолики - 814237754 - {'state': 'in_game_cross_zeroes'} - alone_game - nothing
2025-02-22 08:52:59,625 - my_bot - INFO - пользоваатель написал сообщение - yanahds - None - helper_in_menu - Выбор игры
2025-02-22 08:53:03,513 - my_bot - INFO - пользователь нажал на кнопку крестиков ноликов - yanahds - {'state': 'cross-zeroes'} - choose_mate_inline_games - nothing
2025-02-22 08:54:52,994 - my_bot - DEBUG - Бот запущен - SYSTEM - nothing - MAIN - nothing
2025-02-22 08:54:58,176 - my_bot - INFO - пользоваатель написал сообщение - vasilisqqe - None - helper_in_menu - Выбор игры
2025-02-22 08:55:00,299 - my_bot - INFO - пользователь нажал на кнопку крестиков ноликов - vasilisqqe - {'state': 'cross-zeroes'} - choose_mate_inline_games - nothing
2025-02-22 08:55:01,580 - my_bot - INFO - пользователь начал поиск игры в крестики-нолики - 814237754 - {'state': 'in_game_cross_zeroes'} - alone_game - nothing
2025-02-22 08:55:06,828 - my_bot - INFO - пользоваатель написал сообщение - yanahds - None - helper_in_menu - Выбор игры
2025-02-22 08:55:09,910 - my_bot - INFO - пользователь нажал на кнопку крестиков ноликов - yanahds - {'state': 'cross-zeroes'} - choose_mate_inline_games - nothing
2025-02-22 08:55:13,293 - my_bot - INFO - пользователь начал поиск игры в крестики-нолики - 6387547653 - {'state': 'in_game_cross_zeroes'} - alone_game - nothing
2025-02-22 08:57:21,783 - my_bot - DEBUG - Бот запущен - SYSTEM - nothing - MAIN - nothing
2025-02-22 08:57:26,534 - my_bot - INFO - пользоваатель написал сообщение - vasilisqqe - None - helper_in_menu - Выбор игры
2025-02-22 08:57:28,667 - my_bot - INFO - пользователь нажал на кнопку крестиков ноликов - vasilisqqe - {'state': 'cross-zeroes'} - choose_mate_inline_games - nothing
2025-02-22 08:57:30,821 - my_bot - INFO - пользователь начал поиск игры в крестики-нолики - 814237754 - {'state': 'in_game_cross_zeroes'} - alone_game - nothing
2025-02-22 08:57:34,430 - my_bot - INFO - пользоваатель написал сообщение - yanahds - None - helper_in_menu - Выбор игры
2025-02-22 08:57:37,433 - my_bot - INFO - пользователь нажал на кнопку крестиков ноликов - yanahds - {'state': 'cross-zeroes'} - choose_mate_inline_games - nothing
2025-02-22 08:59:00,806 - my_bot - DEBUG - Бот запущен - SYSTEM - nothing - MAIN - nothing
2025-02-22 08:59:05,080 - my_bot - INFO - пользоваатель написал сообщение - vasilisqqe - None - helper_in_menu - Выбор игры
2025-02-22 08:59:07,435 - my_bot - INFO - пользователь нажал на кнопку крестиков ноликов - vasilisqqe - {'state': 'cross-zeroes'} - choose_mate_inline_games - nothing
2025-02-22 08:59:09,345 - my_bot - INFO - пользователь начал поиск игры в крестики-нолики - 814237754 - {'state': 'in_game_cross_zeroes'} - alone_game - nothing
2025-02-22 08:59:14,446 - my_bot - INFO - пользоваатель написал сообщение - yanahds - None - helper_in_menu - Выбор игры
2025-02-22 08:59:17,081 - my_bot - INFO - пользователь нажал на кнопку крестиков ноликов - yanahds - {'state': 'cross-zeroes'} - choose_mate_inline_games - nothing
2025-02-22 08:59:21,194 - my_bot - INFO - пользователь начал поиск игры в крестики-нолики - 6387547653 - {'state': 'in_game_cross_zeroes'} - alone_game - nothing
2025-02-22 08:59:27,090 - my_bot - INFO - пользователь сделал ход на клетку 0 - 814237754 - idk - mark_button - game: cb, game_id: 6387547653
2025-02-22 09:00:38,498 - my_bot - DEBUG - Бот запущен - SYSTEM - nothing - MAIN - nothing
2025-02-22 09:00:42,127 - my_bot - INFO - пользоваатель написал сообщение - vasilisqqe - None - helper_in_menu - Выбор игры
2025-02-22 09:00:44,619 - my_bot - INFO - пользователь нажал на кнопку крестиков ноликов - vasilisqqe - {'state': 'cross-zeroes'} - choose_mate_inline_games - nothing
2025-02-22 09:00:47,101 - my_bot - INFO - пользователь начал поиск игры в крестики-нолики - 814237754 - {'state': 'in_game_cross_zeroes'} - alone_game - nothing
2025-02-22 09:00:51,710 - my_bot - INFO - пользоваатель написал сообщение - yanahds - None - helper_in_menu - Выбор игры
2025-02-22 09:00:55,755 - my_bot - INFO - пользователь нажал на кнопку крестиков ноликов - yanahds - {'state': 'cross-zeroes'} - choose_mate_inline_games - nothing
2025-02-22 09:00:59,337 - my_bot - INFO - пользователь начал поиск игры в крестики-нолики - 6387547653 - {'state': 'in_game_cross_zeroes'} - alone_game - nothing
2025-02-22 09:01:04,603 - my_bot - INFO - пользователь тегнул бота в чате - 6387547653 - None - new_user - {}
2025-02-22 09:01:07,101 - my_bot - INFO - пользователь выбрал что-то - 6387547653 - None - f - 8ea4
2025-02-22 09:01:24,580 - my_bot - INFO - пользователь сделал ход на клетку 0 - 6387547653 - idk - mark_button - game: cb, game_id: 6387547653
2025-02-22 09:01:26,617 - my_bot - INFO - пользователь сделал ход на клетку 3 - 814237754 - idk - mark_button - game: cb, game_id: 6387547653
2025-02-22 09:01:28,656 - my_bot - INFO - пользователь сделал ход на клетку 1 - 6387547653 - idk - mark_button - game: cb, game_id: 6387547653
2025-02-22 09:01:30,273 - my_bot - INFO - пользователь сделал ход на клетку 4 - 814237754 - idk - mark_button - game: cb, game_id: 6387547653
2025-02-22 09:01:32,876 - my_bot - INFO - у пользователей изменен рейтинг в крестики-нолики - [6387547653, 814237754] - None - player_win_and_loose - {}
2025-02-22 09:01:32,877 - my_bot - INFO - пользователь победил - 6387547653 - idk - mark_button - game: cb, game_id: 6387547653
2025-02-22 09:01:37,209 - my_bot - INFO - пользователь начал поиск в крестики нолики - 6387547653 - idk - new_game_cross_zeroes_in_bot - game: cb, game_id: none
2025-02-22 09:02:07,487 - my_bot - INFO - игра в крестики нолики inline завершена досрочно id: AQAAAAU-unwBAAAAikcAALNYGU03KC2P - yanahds - None - kick_game - {}
2025-02-22 09:02:26,195 - my_bot - DEBUG - Бот запущен - SYSTEM - nothing - MAIN - nothing
2025-02-22 09:02:32,150 - my_bot - INFO - пользоваатель написал сообщение - vasilisqqe - None - helper_in_menu - Выбор игры
2025-02-22 09:02:34,097 - my_bot - INFO - пользователь нажал на кнопку крестиков ноликов - vasilisqqe - {'state': 'cross-zeroes'} - choose_mate_inline_games - nothing
2025-02-22 09:02:35,827 - my_bot - INFO - пользователь начал поиск игры в крестики-нолики - 814237754 - {'state': 'in_game_cross_zeroes'} - alone_game - nothing
2025-02-22 09:02:40,069 - my_bot - INFO - пользоваатель написал сообщение - yanahds - None - helper_in_menu - Выбор игры
2025-02-22 09:02:42,558 - my_bot - INFO - пользователь нажал на кнопку крестиков ноликов - yanahds - {'state': 'cross-zeroes'} - choose_mate_inline_games - nothing
2025-02-22 09:02:45,504 - my_bot - INFO - пользователь начал поиск игры в крестики-нолики - 6387547653 - {'state': 'in_game_cross_zeroes'} - alone_game - nothing
2025-02-22 09:02:54,378 - my_bot - INFO - пользователь тегнул бота в чате - 6387547653 - None - new_user - {}
2025-02-22 09:02:57,697 - my_bot - INFO - пользователь выбрал что-то - 6387547653 - None - f - b22e
2025-02-22 09:03:05,241 - my_bot - INFO - пользователь сделал ход на клетку 0 - 814237754 - cleared - mark_button - game: inline, game_id: AQAAAAU-unwBAAAAlUcAAOTB1tEo0K1w
2025-02-22 09:03:13,614 - my_bot - INFO - пользователь сделал ход на клетку 0 - 6387547653 - idk - mark_button - game: cb, game_id: 6387547653
2025-02-22 09:03:15,869 - my_bot - INFO - пользователь сделал ход на клетку 3 - 814237754 - idk - mark_button - game: cb, game_id: 6387547653
2025-02-22 09:03:17,856 - my_bot - INFO - пользователь сделал ход на клетку 1 - 6387547653 - idk - mark_button - game: cb, game_id: 6387547653
2025-02-22 09:03:20,638 - my_bot - INFO - пользователь сделал ход на клетку 4 - 814237754 - idk - mark_button - game: cb, game_id: 6387547653
2025-02-22 09:03:23,770 - my_bot - INFO - пользователь сделал ход на клетку 6 - 6387547653 - idk - mark_button - game: cb, game_id: 6387547653
2025-02-22 09:03:26,041 - my_bot - INFO - у пользователей изменен рейтинг в крестики-нолики - [814237754, 814237754] - None - player_win_and_loose - {}
2025-02-22 09:03:26,041 - my_bot - INFO - пользователь победил - 814237754 - idk - mark_button - game: cb, game_id: 6387547653
2025-02-22 09:04:05,658 - my_bot - INFO - игра в крестики нолики inline завершена досрочно id: AQAAAAU-unwBAAAAlUcAAOTB1tEo0K1w - vasilisqqe - None - kick_game - {}
2025-02-22 09:08:00,221 - my_bot - DEBUG - Бот запущен - SYSTEM - nothing - MAIN - nothing
2025-02-22 09:08:07,750 - my_bot - INFO - пользоваатель написал сообщение - vasilisqqe - None - helper_in_menu - Выбор игры
2025-02-22 09:08:11,347 - my_bot - INFO - пользователь нажал на кнопку крестиков ноликов - vasilisqqe - {'state': 'cross-zeroes'} - choose_mate_inline_games - nothing
2025-02-22 09:08:13,140 - my_bot - INFO - пользователь начал поиск игры в крестики-нолики - 814237754 - {'state': 'in_game_cross_zeroes'} - alone_game - nothing
2025-02-22 09:08:21,266 - my_bot - INFO - команда старт - yanahds - None - start_bot - {}
2025-02-22 09:08:27,199 - my_bot - INFO - пользоваатель написал сообщение - yanahds - None - helper_in_menu - Выбор игры
2025-02-22 09:08:30,185 - my_bot - INFO - пользователь нажал на кнопку крестиков ноликов - yanahds - {'state': 'cross-zeroes'} - choose_mate_inline_games - nothing
2025-02-22 09:09:18,689 - my_bot - DEBUG - Бот запущен - SYSTEM - nothing - MAIN - nothing
2025-02-22 09:09:24,643 - my_bot - INFO - пользоваатель написал сообщение - vasilisqqe - None - helper_in_menu - Выбор игры
2025-02-22 09:09:26,923 - my_bot - INFO - пользователь нажал на кнопку крестиков ноликов - vasilisqqe - {'state': 'cross-zeroes'} - choose_mate_inline_games - nothing
2025-02-22 09:09:29,052 - my_bot - INFO - пользователь начал поиск игры в крестики-нолики - 814237754 - {'state': 'in_game_cross_zeroes'} - alone_game - nothing
2025-02-22 09:09:34,526 - my_bot - INFO - пользоваатель написал сообщение - yanahds - None - helper_in_menu - Выбор игры
2025-02-22 09:09:37,950 - my_bot - INFO - пользователь нажал на кнопку крестиков ноликов - yanahds - {'state': 'cross-zeroes'} - choose_mate_inline_games - nothing
2025-02-22 09:09:40,956 - my_bot - INFO - пользователь начал поиск игры в крестики-нолики - 6387547653 - {'state': 'in_game_cross_zeroes'} - alone_game - nothing
2025-02-22 09:10:37,317 - my_bot - DEBUG - Бот запущен - SYSTEM - nothing - MAIN - nothing
